2026-04-07 11:35:22.307 | INFO     | src.analysis.eda:run_complete_analysis:830 - Starting comprehensive exploratory data analysis...
2026-04-07 11:35:22.307 | INFO     | src.analysis.eda:load_data:65 - Loading hyperspectral data via DataModule...
2026-04-07 11:35:27.313 | INFO     | src.analysis.eda:load_data:80 - Loaded NiliFossae: (478, 593, 425)
2026-04-07 11:35:27.313 | INFO     | src.analysis.eda:load_data:88 - Loaded NiliFossae ground truth: (478, 593)
2026-04-07 11:35:27.313 | INFO     | src.analysis.eda:load_data:80 - Loaded Utopia: (478, 595, 432)
2026-04-07 11:35:27.313 | INFO     | src.analysis.eda:load_data:88 - Loaded Utopia ground truth: (478, 595)
2026-04-07 11:35:27.313 | INFO     | src.analysis.eda:load_data:80 - Loaded holden: (418, 595, 440)
2026-04-07 11:35:27.313 | INFO     | src.analysis.eda:load_data:88 - Loaded holden ground truth: (418, 595)
2026-04-07 11:35:27.313 | INFO     | src.analysis.eda:run_complete_analysis:838 - Computing comprehensive statistics...
2026-04-07 11:35:58.377 | INFO     | src.analysis.eda:run_complete_analysis:841 - Generating publication-quality visualizations...
2026-04-07 11:35:58.965 | INFO     | src.analysis.eda:plot_overview_table:179 - Saved: 01_dataset_overview.png
2026-04-07 11:35:59.125 | INFO     | src.analysis.eda:plot_spatial_dimensions:206 - Saved: 02_spatial_dimensions.png
2026-04-07 11:35:59.890 | INFO     | src.analysis.eda:plot_spectral_band_statistics:242 - Saved: 03_spectral_statistics.png
2026-04-07 11:36:12.827 | INFO     | src.analysis.eda:plot_intensity_distributions:273 - Saved: 04_intensity_distributions.png
2026-04-07 11:36:14.498 | INFO     | src.analysis.eda:plot_band_correlation_heatmap:303 - Saved: 05_band_correlation_heatmap.png
2026-04-07 11:36:23.871 | INFO     | src.analysis.eda:plot_pca_analysis:369 - Saved: 06_pca_analysis.png
2026-04-07 11:36:24.757 | INFO     | src.analysis.eda:plot_rgb_composites:408 - Saved: 07_rgb_composites.png
2026-04-07 11:36:25.651 | INFO     | src.analysis.eda:plot_ground_truth_analysis:457 - Saved: 08_ground_truth_analysis.png
2026-04-07 11:36:28.465 | INFO     | src.analysis.eda:plot_spectral_signature_analysis:492 - Saved: 09_spectral_signatures.png
2026-04-07 11:36:28.848 | INFO     | src.analysis.eda:plot_band_quality_assessment:552 - Saved: 10_band_quality_assessment.png
2026-04-07 11:36:31.900 | INFO     | src.analysis.eda:plot_spatial_statistics:592 - Saved: 11_spatial_statistics.png
2026-04-07 11:36:35.358 | INFO     | src.analysis.eda:plot_dimensionality_comparison:634 - Saved: 12_dimensionality_reduction.png
2026-04-07 11:36:37.358 | INFO     | src.analysis.eda:plot_missing_data_analysis:665 - Saved: 13_missing_data_analysis.png
2026-04-07 11:37:00.120 | INFO     | src.analysis.eda:plot_statistical_summary:741 - Saved: 14_statistical_summary.png
2026-04-07 11:37:00.213 | INFO     | utils.logger:_on_exit:47 - Program execution completed. Logs saved.
