2026-04-07 11:33:32.176 | INFO     | src.analysis.eda:run_complete_analysis:830 - Starting comprehensive exploratory data analysis...
2026-04-07 11:33:32.176 | INFO     | src.analysis.eda:load_data:65 - Loading hyperspectral data via DataModule...
2026-04-07 11:33:37.164 | INFO     | src.analysis.eda:load_data:80 - Loaded NiliFossae: (478, 593, 425)
2026-04-07 11:33:37.164 | INFO     | src.analysis.eda:load_data:88 - Loaded NiliFossae ground truth: (478, 593)
2026-04-07 11:33:37.164 | INFO     | src.analysis.eda:load_data:80 - Loaded Utopia: (478, 595, 432)
2026-04-07 11:33:37.164 | INFO     | src.analysis.eda:load_data:88 - Loaded Utopia ground truth: (478, 595)
2026-04-07 11:33:37.164 | INFO     | src.analysis.eda:load_data:80 - Loaded holden: (418, 595, 440)
2026-04-07 11:33:37.165 | INFO     | src.analysis.eda:load_data:88 - Loaded holden ground truth: (418, 595)
2026-04-07 11:33:37.165 | INFO     | src.analysis.eda:run_complete_analysis:838 - Computing comprehensive statistics...
2026-04-07 11:34:03.792 | INFO     | src.analysis.eda:run_complete_analysis:841 - Generating publication-quality visualizations...
2026-04-07 11:34:04.345 | INFO     | src.analysis.eda:plot_overview_table:179 - Saved: 01_dataset_overview.png
2026-04-07 11:34:04.496 | INFO     | src.analysis.eda:plot_spatial_dimensions:206 - Saved: 02_spatial_dimensions.png
2026-04-07 11:34:04.955 | INFO     | src.analysis.eda:plot_spectral_band_statistics:242 - Saved: 03_spectral_statistics.png
2026-04-07 11:34:18.631 | INFO     | src.analysis.eda:plot_intensity_distributions:273 - Saved: 04_intensity_distributions.png
2026-04-07 11:34:21.627 | INFO     | src.analysis.eda:plot_band_correlation_heatmap:303 - Saved: 05_band_correlation_heatmap.png
2026-04-07 11:34:31.068 | INFO     | src.analysis.eda:plot_pca_analysis:369 - Saved: 06_pca_analysis.png
2026-04-07 11:34:31.787 | INFO     | src.analysis.eda:plot_rgb_composites:408 - Saved: 07_rgb_composites.png
2026-04-07 11:34:32.378 | INFO     | src.analysis.eda:plot_ground_truth_analysis:457 - Saved: 08_ground_truth_analysis.png
2026-04-07 11:34:33.962 | INFO     | src.analysis.eda:plot_spectral_signature_analysis:492 - Saved: 09_spectral_signatures.png
2026-04-07 11:34:34.274 | INFO     | src.analysis.eda:plot_band_quality_assessment:552 - Saved: 10_band_quality_assessment.png
2026-04-07 11:34:36.192 | INFO     | src.analysis.eda:plot_spatial_statistics:592 - Saved: 11_spatial_statistics.png
2026-04-07 11:34:39.325 | INFO     | src.analysis.eda:plot_dimensionality_comparison:634 - Saved: 12_dimensionality_reduction.png
2026-04-07 11:34:41.075 | INFO     | src.analysis.eda:plot_missing_data_analysis:665 - Saved: 13_missing_data_analysis.png
2026-04-07 11:35:01.711 | INFO     | src.analysis.eda:plot_statistical_summary:741 - Saved: 14_statistical_summary.png
2026-04-07 11:35:01.735 | INFO     | utils.logger:_on_exit:47 - Program execution completed. Logs saved.
